<?xml version="1.0" encoding="UTF-8"?>
<!-- Generated by org.testng.reporters.JUnitXMLReporter -->
<testsuite ignored="0" hostname="DESKTOP-5HDMOT8" failures="0" tests="4" name="Default test" time="8.244" errors="0" timestamp="2023-02-01T13:13:53 IST">
  <testcase classname="httpMethods.HttpRequest" name="getUsers" time="5.445"/>
  <testcase classname="httpMethods.HttpRequest" name="crateUser" time="1.367"/>
  <testcase classname="httpMethods.HttpRequest" name="updateUser" time="0.657"/>
  <testcase classname="httpMethods.HttpRequest" name="deleteUser" time="0.665"/>
</testsuite> <!-- Default test -->
