<?xml version="1.0" encoding="UTF-8"?>
<!-- Generated by org.testng.reporters.JUnitXMLReporter -->
<testsuite ignored="0" hostname="DESKTOP-5HDMOT8" failures="0" tests="4" name="Test" time="9.008" errors="0" timestamp="2023-02-06T12:00:40 IST">
  <testcase classname="apiChaining.CreateUser" name="testCreateUser" time="5.996"/>
  <testcase classname="apiChaining.GetUser" name="testGetUser" time="0.894"/>
  <testcase classname="apiChaining.UpdateUser" name="testUpdateUser" time="1.183"/>
  <testcase classname="apiChaining.DeleteUser" name="testDeleteUser" time="0.806"/>
</testsuite> <!-- Test -->
