<?xml version="1.0" encoding="UTF-8"?>
<testng-results ignored="0" total="1" passed="1" failed="0" skipped="0">
  <reporter-output>
  </reporter-output>
  <suite started-at="2023-02-03T18:44:35 IST" name="Default suite" finished-at="2023-02-03T18:44:36 IST" duration-ms="548">
    <groups>
    </groups>
    <test started-at="2023-02-03T18:44:35 IST" name="Default test" finished-at="2023-02-03T18:44:36 IST" duration-ms="548">
      <class name="fakerLibrary.FakerDataGenerator">
        <test-method signature="testGeneratorDummyData()[pri:0, instance:fakerLibrary.FakerDataGenerator@43195e57]" started-at="2023-02-03T18:44:35 IST" name="testGeneratorDummyData" finished-at="2023-02-03T18:44:36 IST" duration-ms="461" status="PASS">
          <reporter-output>
          </reporter-output>
        </test-method> <!-- testGeneratorDummyData -->
      </class> <!-- fakerLibrary.FakerDataGenerator -->
    </test> <!-- Default test -->
  </suite> <!-- Default suite -->
</testng-results>
