<?xml version="1.0" encoding="UTF-8"?>
<testng-results ignored="0" total="2" passed="2" failed="0" skipped="0">
  <reporter-output>
  </reporter-output>
  <suite started-at="2023-02-01T16:59:01 IST" name="Default suite" finished-at="2023-02-01T16:59:06 IST" duration-ms="5033">
    <groups>
    </groups>
    <test started-at="2023-02-01T16:59:01 IST" name="Default test" finished-at="2023-02-01T16:59:06 IST" duration-ms="5033">
      <class name="postRequstBody.UsingExternalJsonFile">
        <test-method signature="testPostUsingExternalJsonFile()[pri:1, instance:postRequstBody.UsingExternalJsonFile@cd3fee8]" started-at="2023-02-01T16:59:01 IST" name="testPostUsingExternalJsonFile" finished-at="2023-02-01T16:59:06 IST" duration-ms="4865" status="PASS">
          <reporter-output>
          </reporter-output>
        </test-method> <!-- testPostUsingExternalJsonFile -->
        <test-method signature="testDelete()[pri:2, instance:postRequstBody.UsingExternalJsonFile@cd3fee8]" started-at="2023-02-01T16:59:06 IST" name="testDelete" finished-at="2023-02-01T16:59:06 IST" duration-ms="85" status="PASS">
          <reporter-output>
          </reporter-output>
        </test-method> <!-- testDelete -->
      </class> <!-- postRequstBody.UsingExternalJsonFile -->
    </test> <!-- Default test -->
  </suite> <!-- Default suite -->
</testng-results>
